<?xml version="1.0" encoding="UTF-8"?>
<!-- Generated by org.testng.reporters.JUnitReportReporter -->
<testsuite hostname="IN-46S1M63" failures="0" tests="3" name="api.utilities.Exp2" time="0.324" errors="0" timestamp="2023-05-02T17:43:14 IST" skipped="0">
  <testcase classname="api.utilities.Exp2" name="testA" time="0.319"/>
  <system-out/>
  <testcase classname="api.utilities.Exp2" name="testC" time="0.003"/>
  <system-out/>
  <testcase classname="api.utilities.Exp2" name="testB" time="0.002"/>
  <system-out/>
</testsuite> <!-- api.utilities.Exp2 -->
