<?xml version="1.0" encoding="UTF-8"?>
<!-- Generated by org.testng.reporters.JUnitReportReporter -->
<testsuite hostname="IN-46S1M63" failures="0" tests="14" name="api.test.UserTest" time="15.349" errors="0" timestamp="2023-05-02T16:08:12 IST" skipped="2">
  <testcase classname="api.test.UserTest" name="testPostUser" time="1.187"/>
  <system-out/>
  <testcase classname="api.test.UserTest" name="testPostUser" time="1.145"/>
  <system-out/>
  <testcase classname="api.test.UserTest" name="testPostUser" time="1.147"/>
  <system-out/>
  <testcase classname="api.test.UserTest" name="testPostUser" time="1.222"/>
  <system-out/>
  <testcase classname="api.test.UserTest" name="testPostUser" time="2.639"/>
  <system-out/>
  <testcase classname="api.test.UserTest" name="testPostUser" time="1.153"/>
  <system-out/>
  <testcase classname="api.test.UserTest" name="testGetUserByName" time="1.092"/>
  <system-out/>
  <testcase classname="api.test.UserTest" name="testGetUserByName" time="1.151"/>
  <system-out/>
  <testcase classname="api.test.UserTest" name="testGetUserByName" time="1.168"/>
  <system-out/>
  <testcase classname="api.test.UserTest" name="testGetUserByName" time="1.116"/>
  <system-out/>
  <testcase classname="api.test.UserTest" name="testGetUserByName" time="1.169"/>
  <system-out/>
  <testcase classname="api.test.UserTest" name="testGetUserByName" time="1.160"/>
  <system-out/>
  <testcase classname="api.test.UserTest" name="testUpdateUserByName">
    <skipped/>
  </testcase> <!-- testUpdateUserByName -->
  <system-out/>
  <testcase classname="api.test.UserTest" name="testDeleteUserByName">
    <skipped/>
  </testcase> <!-- testDeleteUserByName -->
  <system-out/>
</testsuite> <!-- api.test.UserTest -->
