<?xml version="1.0" encoding="UTF-8"?>
<!-- Generated by org.testng.reporters.JUnitReportReporter -->
<testsuite skipped="2" hostname="IN-46S1M63" name="api.test.UserTests" tests="14" failures="0" timestamp="23 May 2023 05:53:14 GMT" time="19.733" errors="0">
  <testcase name="testPostUser" time="1.442" classname="api.test.UserTests"/>
  <testcase name="testPostUser" time="3.372" classname="api.test.UserTests"/>
  <testcase name="testPostUser" time="1.430" classname="api.test.UserTests"/>
  <testcase name="testPostUser" time="1.637" classname="api.test.UserTests"/>
  <testcase name="testPostUser" time="1.474" classname="api.test.UserTests"/>
  <testcase name="testPostUser" time="1.505" classname="api.test.UserTests"/>
  <testcase name="testGetUserByName" time="1.545" classname="api.test.UserTests"/>
  <testcase name="testGetUserByName" time="1.451" classname="api.test.UserTests"/>
  <testcase name="testGetUserByName" time="1.375" classname="api.test.UserTests"/>
  <testcase name="testGetUserByName" time="1.471" classname="api.test.UserTests"/>
  <testcase name="testGetUserByName" time="1.426" classname="api.test.UserTests"/>
  <testcase name="testGetUserByName" time="1.605" classname="api.test.UserTests"/>
  <testcase name="testDeleteUserByName" classname="api.test.UserTests">
    <skipped/>
  </testcase> <!-- testDeleteUserByName -->
  <testcase name="testUpdateUserByName" classname="api.test.UserTests">
    <skipped/>
  </testcase> <!-- testUpdateUserByName -->
</testsuite> <!-- api.test.UserTests -->
