<?xml version="1.0" encoding="UTF-8"?>
<!-- Generated by org.testng.reporters.JUnitReportReporter -->
<testsuite hostname="IN-46S1M63" failures="0" tests="6" name="api.utilities.DataProviders" time="0.010" errors="0" timestamp="2023-05-01T13:38:49 IST" skipped="0">
  <testcase classname="api.utilities.DataProviders" name="test" time="0.001"/>
  <system-out/>
  <testcase classname="api.utilities.DataProviders" name="test" time="0.001"/>
  <system-out/>
  <testcase classname="api.utilities.DataProviders" name="test" time="0.004"/>
  <system-out/>
  <testcase classname="api.utilities.DataProviders" name="test" time="0.002"/>
  <system-out/>
  <testcase classname="api.utilities.DataProviders" name="test" time="0.001"/>
  <system-out/>
  <testcase classname="api.utilities.DataProviders" name="test" time="0.001"/>
  <system-out/>
</testsuite> <!-- api.utilities.DataProviders -->
