<?xml version="1.0" encoding="UTF-8"?>
<!-- Generated by org.testng.reporters.JUnitReportReporter -->
<testsuite skipped="2" hostname="IN-46S1M63" name="api.test.UserTests" tests="14" failures="0" timestamp="23 May 2023 06:14:20 GMT" time="19.568" errors="0">
  <testcase name="testPostUser" time="1.427" classname="api.test.UserTests"/>
  <testcase name="testPostUser" time="1.393" classname="api.test.UserTests"/>
  <testcase name="testPostUser" time="1.362" classname="api.test.UserTests"/>
  <testcase name="testPostUser" time="1.411" classname="api.test.UserTests"/>
  <testcase name="testPostUser" time="1.388" classname="api.test.UserTests"/>
  <testcase name="testPostUser" time="4.359" classname="api.test.UserTests"/>
  <testcase name="testGetUserByName" time="1.397" classname="api.test.UserTests"/>
  <testcase name="testGetUserByName" time="1.369" classname="api.test.UserTests"/>
  <testcase name="testGetUserByName" time="1.354" classname="api.test.UserTests"/>
  <testcase name="testGetUserByName" time="1.370" classname="api.test.UserTests"/>
  <testcase name="testGetUserByName" time="1.370" classname="api.test.UserTests"/>
  <testcase name="testGetUserByName" time="1.368" classname="api.test.UserTests"/>
  <testcase name="testDeleteUserByName" classname="api.test.UserTests">
    <skipped/>
  </testcase> <!-- testDeleteUserByName -->
  <testcase name="testUpdateUserByName" classname="api.test.UserTests">
    <skipped/>
  </testcase> <!-- testUpdateUserByName -->
</testsuite> <!-- api.test.UserTests -->
